1440519077452 {"topic":"/a4h/out/Presence_Salon/command","name":"Presence_Salon","operation":"command","message":"ON"}
1440519090997 {"topic":"/a4h/out/Presence_Cuisine/command","name":"Presence_Cuisine","operation":"command","message":"ON"}
1440519098013 {"topic":"/a4h/out/Presence_Cuisine/command","name":"Presence_Cuisine","operation":"command","message":"OFF"}
1440519102628 {"topic":"/a4h/out/Presence_Salon/command","name":"Presence_Salon","operation":"command","message":"OFF"}
1440519109073 {"topic":"/a4h/out/Presence_Table/command","name":"Presence_Table","operation":"command","message":"OFF"}
1440519114587 {"topic":"/a4h/out/Presence_Table/command","name":"Presence_Table","operation":"command","message":"ON"}
1440519123166 {"topic":"/a4h/out/Temperature_Cuisine/state","name":"Temperature_Cuisine","operation":"state","message":"24.1"}
1440519135014 {"topic":"/a4h/out/Presence_Salon/command","name":"Presence_Salon","operation":"command","message":"ON"}
1440519142010 {"topic":"/a4h/out/Presence_Salon/command","name":"Presence_Salon","operation":"command","message":"OFF"}
1440519145527 {"topic":"/a4h/out/Eau_Froide_Evier_Instantanee/state","name":"Eau_Froide_Evier_Instantanee","operation":"state","message":"0.0"}
1440519148253 {"topic":"/a4h/out/Presence_Salon/command","name":"Presence_Salon","operation":"command","message":"ON"}
1440519157754 {"topic":"/a4h/out/Presence_Salon/command","name":"Presence_Salon","operation":"command","message":"OFF"}
1440519160043 {"topic":"/a4h/out/Presence_Table/command","name":"Presence_Table","operation":"command","message":"OFF"}
1440519163045 {"topic":"/a4h/out/Presence_Table/command","name":"Presence_Table","operation":"command","message":"ON"}
1440519184977 {"topic":"/a4h/out/Presence_Table/command","name":"Presence_Table","operation":"command","message":"OFF"}
1440519186221 {"topic":"/a4h/out/Presence_Salon/command","name":"Presence_Salon","operation":"command","message":"ON"}
1440519187980 {"topic":"/a4h/out/Presence_Table/command","name":"Presence_Table","operation":"command","message":"ON"}
1440519201958 {"topic":"/a4h/out/Presence_Salon/command","name":"Presence_Salon","operation":"command","message":"OFF"}
1440519216656 {"topic":"/a4h/out/Presence_Salon/command","name":"Presence_Salon","operation":"command","message":"ON"}
1440519218206 {"topic":"/a4h/out/Presence_Cuisine/command","name":"Presence_Cuisine","operation":"command","message":"ON"}
1440519222202 {"topic":"/a4h/out/Presence_Salon/command","name":"Presence_Salon","operation":"command","message":"OFF"}
1440519229427 {"topic":"/a4h/out/Presence_Salon/command","name":"Presence_Salon","operation":"command","message":"ON"}
1440519248899 {"topic":"/a4h/out/Presence_Salon/command","name":"Presence_Salon","operation":"command","message":"OFF"}
1440519253957 {"topic":"/a4h/out/Presence_Salon/command","name":"Presence_Salon","operation":"command","message":"ON"}
1440519260410 {"topic":"/a4h/out/Presence_Salon/command","name":"Presence_Salon","operation":"command","message":"OFF"}
1440519262957 {"topic":"/a4h/out/Presence_Cuisine/command","name":"Presence_Cuisine","operation":"command","message":"OFF"}
1440519263879 {"topic":"/a4h/out/Presence_Table/command","name":"Presence_Table","operation":"command","message":"OFF"}
1440519266881 {"topic":"/a4h/out/Presence_Table/command","name":"Presence_Table","operation":"command","message":"ON"}
1440519270833 {"topic":"/a4h/out/Presence_Cuisine/command","name":"Presence_Cuisine","operation":"command","message":"ON"}
1440519270842 {"topic":"/a4h/out/Presence_Salon/command","name":"Presence_Salon","operation":"command","message":"ON"}
1440519289362 {"topic":"/a4h/out/Presence_Salon/command","name":"Presence_Salon","operation":"command","message":"OFF"}
1440519292647 {"topic":"/a4h/out/Presence_Salon/command","name":"Presence_Salon","operation":"command","message":"ON"}
1440519303537 {"topic":"/a4h/out/Presence_Salon/command","name":"Presence_Salon","operation":"command","message":"OFF"}
1440519312091 {"topic":"/a4h/out/Presence_Cuisine/command","name":"Presence_Cuisine","operation":"command","message":"OFF"}
1440519316670 {"topic":"/a4h/out/Presence_Table/command","name":"Presence_Table","operation":"command","message":"OFF"}
1440519322008 {"topic":"/a4h/out/Presence_Table/command","name":"Presence_Table","operation":"command","message":"ON"}
1440519322063 {"topic":"/a4h/out/Presence_Salon/command","name":"Presence_Salon","operation":"command","message":"ON"}
1440519330466 {"topic":"/a4h/out/Presence_Salon/command","name":"Presence_Salon","operation":"command","message":"OFF"}
1440519331610 {"topic":"/a4h/out/Presence_Table/command","name":"Presence_Table","operation":"command","message":"OFF"}
1440519358770 {"topic":"/a4h/out/Presence_Salon/command","name":"Presence_Salon","operation":"command","message":"ON"}
1440519358825 {"topic":"/a4h/out/Presence_Table/command","name":"Presence_Table","operation":"command","message":"ON"}
1440519369250 {"topic":"/a4h/out/Presence_Salon/command","name":"Presence_Salon","operation":"command","message":"OFF"}
1440519374593 {"topic":"/a4h/out/Presence_Table/command","name":"Presence_Table","operation":"command","message":"OFF"}
1440519382403 {"topic":"/a4h/out/Presence_Table/command","name":"Presence_Table","operation":"command","message":"ON"}
1440519388828 {"topic":"/a4h/out/Presence_Table/command","name":"Presence_Table","operation":"command","message":"OFF"}
1440519400032 {"topic":"/a4h/out/Presence_Table/command","name":"Presence_Table","operation":"command","message":"ON"}
1440519407165 {"topic":"/a4h/out/Presence_Table/command","name":"Presence_Table","operation":"command","message":"OFF"}
1440519412474 {"topic":"/a4h/out/Presence_Salon/command","name":"Presence_Salon","operation":"command","message":"ON"}
1440519412969 {"topic":"/a4h/out/Presence_Table/command","name":"Presence_Table","operation":"command","message":"ON"}
1440519421744 {"topic":"/a4h/out/Presence_Salon/command","name":"Presence_Salon","operation":"command","message":"OFF"}
1440519426657 {"topic":"/a4h/out/Presence_Table/command","name":"Presence_Table","operation":"command","message":"OFF"}
1440519448375 {"topic":"/a4h/out/Presence_Salon/command","name":"Presence_Salon","operation":"command","message":"ON"}
1440519449112 {"topic":"/a4h/out/Presence_Table/command","name":"Presence_Table","operation":"command","message":"ON"}
1440519456021 {"topic":"/a4h/out/Presence_Salon/command","name":"Presence_Salon","operation":"command","message":"OFF"}
1440519457667 {"topic":"/a4h/out/Presence_Table/command","name":"Presence_Table","operation":"command","message":"OFF"}
1440519474394 {"topic":"/a4h/out/Presence_Salon/command","name":"Presence_Salon","operation":"command","message":"ON"}
1440519474658 {"topic":"/a4h/out/Presence_Table/command","name":"Presence_Table","operation":"command","message":"ON"}
1440519486111 {"topic":"/a4h/out/Presence_Salon/command","name":"Presence_Salon","operation":"command","message":"OFF"}
1440519486175 {"topic":"/a4h/out/Presence_Table/command","name":"Presence_Table","operation":"command","message":"OFF"}
1440519492901 {"topic":"/a4h/out/Presence_Salon/command","name":"Presence_Salon","operation":"command","message":"ON"}
1440519496317 {"topic":"/a4h/out/Presence_Table/command","name":"Presence_Table","operation":"command","message":"ON"}
1440519501698 {"topic":"/a4h/out/Presence_Salon/command","name":"Presence_Salon","operation":"command","message":"OFF"}
1440519502519 {"topic":"/a4h/out/Presence_Table/command","name":"Presence_Table","operation":"command","message":"OFF"}
1440519505457 {"topic":"/a4h/out/Presence_Salon/command","name":"Presence_Salon","operation":"command","message":"ON"}
1440519505515 {"topic":"/a4h/out/Presence_Table/command","name":"Presence_Table","operation":"command","message":"ON"}
1440519507493 {"topic":"/a4h/out/Presence_Cuisine/command","name":"Presence_Cuisine","operation":"command","message":"ON"}
1440519512830 {"topic":"/a4h/out/Presence_Cuisine/command","name":"Presence_Cuisine","operation":"command","message":"OFF"}
1440519516138 {"topic":"/a4h/out/Presence_Salon/command","name":"Presence_Salon","operation":"command","message":"OFF"}
1440519519405 {"topic":"/a4h/out/Presence_Table/command","name":"Presence_Table","operation":"command","message":"OFF"}
1440519530003 {"topic":"/a4h/out/Presence_Table/command","name":"Presence_Table","operation":"command","message":"ON"}
1440519531537 {"topic":"/a4h/out/Presence_Salon/command","name":"Presence_Salon","operation":"command","message":"ON"}
1440519537239 {"topic":"/a4h/out/Presence_Salon/command","name":"Presence_Salon","operation":"command","message":"OFF"}
1440519540376 {"topic":"/a4h/out/Presence_Salon/command","name":"Presence_Salon","operation":"command","message":"ON"}
1440519547852 {"topic":"/a4h/out/Presence_Salon/command","name":"Presence_Salon","operation":"command","message":"OFF"}
1440519550852 {"topic":"/a4h/out/Presence_Salon/command","name":"Presence_Salon","operation":"command","message":"ON"}
1440519556606 {"topic":"/a4h/out/Presence_Table/command","name":"Presence_Table","operation":"command","message":"OFF"}
1440519556715 {"topic":"/a4h/out/Presence_Salon/command","name":"Presence_Salon","operation":"command","message":"OFF"}
1440519560825 {"topic":"/a4h/out/Presence_Table/command","name":"Presence_Table","operation":"command","message":"ON"}
1440519560833 {"topic":"/a4h/out/Presence_Salon/command","name":"Presence_Salon","operation":"command","message":"ON"}
1440519565216 {"topic":"/a4h/out/Presence_Table/command","name":"Presence_Table","operation":"command","message":"OFF"}
1440519566174 {"topic":"/a4h/out/Presence_Salon/command","name":"Presence_Salon","operation":"command","message":"OFF"}
1440519568957 {"topic":"/a4h/out/Presence_Table/command","name":"Presence_Table","operation":"command","message":"ON"}
1440519581251 {"topic":"/a4h/out/Presence_Salon/command","name":"Presence_Salon","operation":"command","message":"ON"}
1440519587469 {"topic":"/a4h/out/Presence_Salon/command","name":"Presence_Salon","operation":"command","message":"OFF"}
1440519594165 {"topic":"/a4h/out/Presence_Salon/command","name":"Presence_Salon","operation":"command","message":"ON"}
1440519594760 {"topic":"/a4h/out/Presence_Table/command","name":"Presence_Table","operation":"command","message":"OFF"}
1440519602399 {"topic":"/a4h/out/Presence_Salon/command","name":"Presence_Salon","operation":"command","message":"OFF"}
1440519604415 {"topic":"/a4h/out/Presence_Table/command","name":"Presence_Table","operation":"command","message":"ON"}
1440519611800 {"topic":"/a4h/out/Presence_Table/command","name":"Presence_Table","operation":"command","message":"OFF"}
1440519621432 {"topic":"/a4h/out/Presence_Table/command","name":"Presence_Table","operation":"command","message":"ON"}
1440519633006 {"topic":"/a4h/out/Presence_Table/command","name":"Presence_Table","operation":"command","message":"OFF"}
1440519635536 {"topic":"/a4h/out/Presence_Salon/command","name":"Presence_Salon","operation":"command","message":"ON"}
1440519636010 {"topic":"/a4h/out/Presence_Table/command","name":"Presence_Table","operation":"command","message":"ON"}
1440519642469 {"topic":"/a4h/out/Presence_Salon/command","name":"Presence_Salon","operation":"command","message":"OFF"}
1440519651863 {"topic":"/a4h/out/Presence_Table/command","name":"Presence_Table","operation":"command","message":"OFF"}
1440519652460 {"topic":"/a4h/out/Color_3/command","name":"Color_3","operation":"command","message":"16.666666666666664,100,100"}
1440519654245 {"topic":"/a4h/out/Presence_Salon/command","name":"Presence_Salon","operation":"command","message":"ON"}
1440519654868 {"topic":"/a4h/out/Presence_Table/command","name":"Presence_Table","operation":"command","message":"ON"}
1440519658110 {"topic":"/a4h/out/Color_3/command","name":"Color_3","operation":"command","message":"16.666666666666664,100,100"}
1440519658828 {"topic":"/a4h/out/Presence_Salon/command","name":"Presence_Salon","operation":"command","message":"OFF"}
1440519665119 {"topic":"/a4h/out/Presence_Salon/command","name":"Presence_Salon","operation":"command","message":"ON"}
1440519666861 {"topic":"/a4h/out/Presence_Table/command","name":"Presence_Table","operation":"command","message":"OFF"}
1440519670939 {"topic":"/a4h/out/Presence_Salon/command","name":"Presence_Salon","operation":"command","message":"OFF"}
1440519677115 {"topic":"/a4h/out/Presence_Salon/command","name":"Presence_Salon","operation":"command","message":"ON"}
1440519679659 {"topic":"/a4h/out/Color_3/command","name":"Color_3","operation":"command","message":"64.9673202614379,100,100"}
1440519681966 {"topic":"/a4h/out/Presence_Salon/command","name":"Presence_Salon","operation":"command","message":"OFF"}
1440519682781 {"topic":"/a4h/out/Dimm_1/command","name":"Dimm_1","operation":"command","message":"OFF"}
1440519684412 {"topic":"/a4h/out/Dimm_2/command","name":"Dimm_2","operation":"command","message":"OFF"}
1440519687738 {"topic":"/a4h/out/Dimm_3/command","name":"Dimm_3","operation":"command","message":"OFF"}
1440519689866 {"topic":"/a4h/out/Luminosite_Salon/state","name":"Luminosite_Salon","operation":"state","message":"34.0"}
1440519691037 {"topic":"/a4h/out/CT_Dimm_1/command","name":"CT_Dimm_1","operation":"command","message":"OFF"}
1440519693234 {"topic":"/a4h/out/CT_Dimm_2/command","name":"CT_Dimm_2","operation":"command","message":"ON"}
1440519707937 {"topic":"/a4h/out/Presence_Table/command","name":"Presence_Table","operation":"command","message":"ON"}
1440519714578 {"topic":"/a4h/out/Presence_Salon/command","name":"Presence_Salon","operation":"command","message":"ON"}
1440519719981 {"topic":"/a4h/out/Presence_Salon/command","name":"Presence_Salon","operation":"command","message":"OFF"}
1440519723232 {"topic":"/a4h/out/Presence_Salon/command","name":"Presence_Salon","operation":"command","message":"ON"}
1440519726663 {"topic":"/a4h/out/Presence_Table/command","name":"Presence_Table","operation":"command","message":"OFF"}
1440519728312 {"topic":"/a4h/out/Presence_Salon/command","name":"Presence_Salon","operation":"command","message":"OFF"}
1440519732766 {"topic":"/a4h/out/Presence_Table/command","name":"Presence_Table","operation":"command","message":"ON"}
1440519746204 {"topic":"/a4h/out/Presence_Salon/command","name":"Presence_Salon","operation":"command","message":"ON"}
1440519755402 {"topic":"/a4h/out/Presence_Salon/command","name":"Presence_Salon","operation":"command","message":"OFF"}
1440519759721 {"topic":"/a4h/out/Presence_Salon/command","name":"Presence_Salon","operation":"command","message":"ON"}
1440519783359 {"topic":"/a4h/out/Presence_Salon/command","name":"Presence_Salon","operation":"command","message":"OFF"}
1440519786362 {"topic":"/a4h/out/Presence_Salon/command","name":"Presence_Salon","operation":"command","message":"ON"}
1440519794972 {"topic":"/a4h/out/Presence_Salon/command","name":"Presence_Salon","operation":"command","message":"OFF"}
1440519798462 {"topic":"/a4h/out/Presence_Cuisine/command","name":"Presence_Cuisine","operation":"command","message":"ON"}
1440519799968 {"topic":"/a4h/out/Presence_Salon/command","name":"Presence_Salon","operation":"command","message":"ON"}
1440519803555 {"topic":"/a4h/out/Presence_Cuisine/command","name":"Presence_Cuisine","operation":"command","message":"OFF"}
1440519805038 {"topic":"/a4h/out/Presence_Salon/command","name":"Presence_Salon","operation":"command","message":"OFF"}
1440519808439 {"topic":"/a4h/out/Presence_Salon/command","name":"Presence_Salon","operation":"command","message":"ON"}
1440519818177 {"topic":"/a4h/out/Humidite_Cuisine/state","name":"Humidite_Cuisine","operation":"state","message":"58"}
